2025-01-19 06:20:17,329 - INFO - Starting contact merge process...
2025-01-19 06:20:17,329 - INFO - CSV file: contacts.csv
2025-01-19 06:20:17,329 - INFO - Preview mode: False
2025-01-19 06:20:17,335 - INFO - Email: stefaniacagnetta@velocityglobal.com has 2 record(s)
2025-01-19 06:20:17,335 - INFO - 
Found 1 duplicate pairs to process
2025-01-19 06:20:17,335 - INFO - 
Processing pair 1/1
2025-01-19 06:20:17,335 - INFO - 
Merging contacts for email stefaniacagnetta@velocityglobal.com
2025-01-19 06:20:17,335 - INFO - Primary: Stefania Maria Anna Cagnetta (don:identity:dvrv-us-1:devo/ye4F1cYu:revu/1GoxOkOI7)
2025-01-19 06:20:17,335 - INFO - Duplicate: stefaniacagnetta@velocityglobal.com (don:identity:dvrv-us-1:devo/ye4F1cYu:revu/19frIGXNH)
2025-01-19 06:20:17,335 - INFO - Backing up contact data...
2025-01-19 06:20:18,359 - INFO - ✓ Backed up data for contact stefaniacagnetta@velocityglobal.com to backups/stefaniacagnetta@velocityglobal.com_20250119_062017
2025-01-19 06:20:19,286 - INFO - ✓ Backed up data for contact stefaniacagnetta@velocityglobal.com to backups/stefaniacagnetta@velocityglobal.com_20250119_062018
2025-01-19 06:20:19,287 - INFO - Backup integrity verification passed.
2025-01-19 06:20:19,671 - INFO - Successfully merged don:identity:dvrv-us-1:devo/ye4F1cYu:revu/19frIGXNH into don:identity:dvrv-us-1:devo/ye4F1cYu:revu/1GoxOkOI7
2025-01-19 06:20:22,015 - INFO - Successfully updated external_ref for don:identity:dvrv-us-1:devo/ye4F1cYu:revu/1GoxOkOI7 to user_put1a1an1a1Ztp1e1dqrru
2025-01-19 06:20:22,017 - INFO - ✓ Merge completed successfully (with forced external_ref overwrite)
2025-01-19 06:20:22,018 - INFO - Generated JSON report: reports/merge_report_20250119_062022.json
2025-01-19 06:20:22,042 - INFO - Generated HTML report: reports/merge_report_20250119_062022.html
2025-01-19 06:20:22,042 - INFO - 
Merge process completed!
2025-01-19 06:20:22,042 - INFO - Successfully merged: 1 pairs
2025-01-19 06:20:22,042 - INFO - Failed merges: 0 pairs
2025-01-19 06:20:22,042 - INFO - Both JSON and HTML reports have been generated in the 'reports' directory.
