2025-01-19 06:23:54,353 - INFO - Loaded savepoint with 1 processed pairs
2025-01-19 06:23:54,353 - INFO - Starting contact merge process...
2025-01-19 06:23:54,353 - INFO - CSV file: contacts.csv
2025-01-19 06:23:54,353 - INFO - Preview mode: False
2025-01-19 06:23:54,359 - INFO - Email: sharontang@velocityglobal.com has 2 record(s)
2025-01-19 06:23:54,359 - INFO - 
Found 1 duplicate pairs to process
2025-01-19 06:23:54,359 - INFO - 
Processing pair 1/1
2025-01-19 06:23:54,359 - INFO - 
Merging contacts for email sharontang@velocityglobal.com
2025-01-19 06:23:54,359 - INFO - Primary: Ling Sing (Sharon) Tang (don:identity:dvrv-us-1:devo/ye4F1cYu:revu/cquvm4zx)
2025-01-19 06:23:54,359 - INFO - Duplicate: sharontang@velocityglobal.com (don:identity:dvrv-us-1:devo/ye4F1cYu:revu/9eHze6AH)
2025-01-19 06:23:54,359 - INFO - Backing up contact data...
2025-01-19 06:23:55,855 - INFO - ✓ Backed up data for contact sharontang@velocityglobal.com to backups/sharontang@velocityglobal.com_20250119_062354
2025-01-19 06:23:56,853 - INFO - ✓ Backed up data for contact sharontang@velocityglobal.com to backups/sharontang@velocityglobal.com_20250119_062355
2025-01-19 06:23:56,856 - WARNING - Primary contact ticket count mismatch! Expected 1 but found 4 - continuing anyway.
2025-01-19 06:23:56,860 - WARNING - Duplicate contact ticket count mismatch! Expected 2 but found 4 - continuing anyway.
2025-01-19 06:23:56,860 - INFO - Backup integrity verification passed.
2025-01-19 06:23:57,243 - INFO - Successfully merged don:identity:dvrv-us-1:devo/ye4F1cYu:revu/9eHze6AH into don:identity:dvrv-us-1:devo/ye4F1cYu:revu/cquvm4zx
2025-01-19 06:23:59,591 - INFO - Successfully updated external_ref for don:identity:dvrv-us-1:devo/ye4F1cYu:revu/cquvm4zx to user_qsnnon1dsm1duuqtn1d1Zn
2025-01-19 06:23:59,596 - INFO - ✓ Merge completed successfully (with forced external_ref overwrite)
2025-01-19 06:23:59,603 - INFO - Generated JSON report: reports/merge_report_20250119_062359.json
2025-01-19 06:23:59,651 - INFO - Generated HTML report: reports/merge_report_20250119_062359.html
2025-01-19 06:23:59,651 - INFO - 
Merge process completed!
2025-01-19 06:23:59,651 - INFO - Successfully merged: 1 pairs
2025-01-19 06:23:59,652 - INFO - Failed merges: 0 pairs
2025-01-19 06:23:59,652 - INFO - Both JSON and HTML reports have been generated in the 'reports' directory.
